<?xml version="1.0" encoding="UTF-8"?>
<!-- Generated by org.testng.reporters.JUnitReportReporter -->
<testsuite hostname="Padmaja-Inspiron7373-PC" failures="0" tests="1" name="moduleTestng.NewTest" time="1.745" errors="0" timestamp="2022-02-15T11:53:19 GMT-05:00" skipped="0">
  <testcase classname="moduleTestng.NewTest" name="login" time="1.745"/>
  <system-out/>
</testsuite> <!-- moduleTestng.NewTest -->
