<?xml version="1.0" encoding="UTF-8"?>
<!-- Generated by org.testng.reporters.JUnitReportReporter -->
<testsuite hostname="Padmaja-Inspiron7373-PC" failures="0" tests="6" name="module3.Dependency" time="12.311" errors="0" timestamp="2022-02-15T11:54:52 GMT-05:00" skipped="0">
  <testcase classname="module3.Dependency" name="openBrowser" time="1.251"/>
  <system-out/>
  <testcase classname="module3.Dependency" name="openAUT" time="1.666"/>
  <system-out/>
  <testcase classname="module3.Dependency" name="signIn" time="1.598"/>
  <system-out/>
  <testcase classname="module3.Dependency" name="login" time="1.248"/>
  <system-out/>
  <testcase classname="module3.Dependency" name="logout" time="5.635"/>
  <system-out/>
  <testcase classname="module3.Dependency" name="quit" time="0.913"/>
  <system-out/>
</testsuite> <!-- module3.Dependency -->
