<?xml version="1.0" encoding="UTF-8"?>
<!-- Generated by org.testng.reporters.JUnitReportReporter -->
<testsuite hostname="Padmaja-Inspiron7373-PC" failures="0" tests="3" name="testCases.TC2" time="5.662" errors="0" timestamp="2022-03-25T00:10:11 GMT-04:00" skipped="0">
  <testcase classname="testCases.TC2" name="systemSetUp" time="4.074"/>
  <system-out/>
  <testcase classname="testCases.TC2" name="openform" time="1.514"/>
  <system-out/>
  <testcase classname="testCases.TC2" name="closure" time="0.074"/>
  <system-out/>
</testsuite> <!-- testCases.TC2 -->
