<?xml version="1.0" encoding="UTF-8"?>
<!-- Generated by org.testng.reporters.JUnitReportReporter -->
<testsuite hostname="Padmaja-Inspiron7373-PC" failures="0" tests="1" name="com.mobiledemo.GetPerformanceData" time="12.326" errors="0" timestamp="2022-03-26T13:41:39 GMT-04:00" skipped="0">
  <testcase classname="com.mobiledemo.GetPerformanceData" name="GetPerformanceFromDevice" time="12.326"/>
  <system-out/>
</testsuite> <!-- com.mobiledemo.GetPerformanceData -->
