<?xml version="1.0" encoding="UTF-8"?>
<!-- Generated by org.testng.reporters.JUnitReportReporter -->
<testsuite hostname="Padmaja-Inspiron7373-PC" failures="0" tests="1" name="com.testng.AllAnnotationExamples" time="0.009" errors="0" timestamp="2022-03-20T12:17:58 GMT-04:00" skipped="0">
  <testcase classname="com.testng.AllAnnotationExamples" name="TestCase1" time="0.009"/>
  <system-out/>
</testsuite> <!-- com.testng.AllAnnotationExamples -->
