<?xml version="1.0" encoding="UTF-8"?>
<!-- Generated by org.testng.reporters.JUnitReportReporter -->
<testsuite hostname="Padmaja-Inspiron7373-PC" failures="0" tests="1" name="com.mobiledemo.NetworkData" time="30.054" errors="0" timestamp="2022-03-26T12:36:17 GMT-04:00" skipped="0">
  <testcase classname="com.mobiledemo.NetworkData" name="NetworkCheck" time="30.054"/>
  <system-out/>
</testsuite> <!-- com.mobiledemo.NetworkData -->
