<?xml version="1.0" encoding="UTF-8"?>
<!-- Generated by org.testng.reporters.JUnitReportReporter -->
<testsuite hostname="Padmaja-Inspiron7373-PC" failures="0" tests="1" name="com.mobiledemo.SingleTouchGestures" time="37.337" errors="0" timestamp="2022-03-20T14:04:44 GMT-04:00" skipped="0">
  <testcase classname="com.mobiledemo.SingleTouchGestures" name="OpenMaps" time="37.337"/>
  <system-out/>
</testsuite> <!-- com.mobiledemo.SingleTouchGestures -->
